{"C:\\Users\\robyn\\Documents\\documents\\_University\\Year 3\\fyp-all\\prototype5\\app\\controllers\\authController.js": {"path":"C:\\Users\\robyn\\Documents\\documents\\_University\\Year 3\\fyp-all\\prototype5\\app\\controllers\\authController.js","statementMap":{"0":{"start":{"line":3,"column":17},"end":{"line":3,"column":36}},"1":{"start":{"line":4,"column":13},"end":{"line":4,"column":39}},"2":{"start":{"line":7,"column":23},"end":{"line":9,"column":1}},"3":{"start":{"line":8,"column":5},"end":{"line":8,"column":55}},"4":{"start":{"line":12,"column":20},"end":{"line":14,"column":1}},"5":{"start":{"line":13,"column":4},"end":{"line":13,"column":49}},"6":{"start":{"line":17,"column":16},"end":{"line":19,"column":1}},"7":{"start":{"line":18,"column":4},"end":{"line":18,"column":68}},"8":{"start":{"line":22,"column":17},"end":{"line":46,"column":1}},"9":{"start":{"line":23,"column":4},"end":{"line":28,"column":5}},"10":{"start":{"line":24,"column":8},"end":{"line":24,"column":43}},"11":{"start":{"line":25,"column":8},"end":{"line":25,"column":50}},"12":{"start":{"line":26,"column":8},"end":{"line":26,"column":23}},"13":{"start":{"line":27,"column":8},"end":{"line":27,"column":46}},"14":{"start":{"line":29,"column":17},"end":{"line":29,"column":27}},"15":{"start":{"line":30,"column":4},"end":{"line":30,"column":30}},"16":{"start":{"line":31,"column":4},"end":{"line":31,"column":32}},"17":{"start":{"line":32,"column":4},"end":{"line":32,"column":38}},"18":{"start":{"line":33,"column":4},"end":{"line":33,"column":40}},"19":{"start":{"line":34,"column":4},"end":{"line":34,"column":24}},"20":{"start":{"line":35,"column":4},"end":{"line":45,"column":7}},"21":{"start":{"line":36,"column":8},"end":{"line":44,"column":9}},"22":{"start":{"line":37,"column":12},"end":{"line":37,"column":83}},"23":{"start":{"line":38,"column":12},"end":{"line":38,"column":29}},"24":{"start":{"line":39,"column":12},"end":{"line":39,"column":28}},"25":{"start":{"line":40,"column":12},"end":{"line":40,"column":43}},"26":{"start":{"line":42,"column":12},"end":{"line":42,"column":28}},"27":{"start":{"line":43,"column":12},"end":{"line":43,"column":40}},"28":{"start":{"line":49,"column":14},"end":{"line":53,"column":2}},"29":{"start":{"line":56,"column":16},"end":{"line":61,"column":1}},"30":{"start":{"line":57,"column":4},"end":{"line":60,"column":7}},"31":{"start":{"line":58,"column":8},"end":{"line":58,"column":34}},"32":{"start":{"line":58,"column":17},"end":{"line":58,"column":34}},"33":{"start":{"line":59,"column":8},"end":{"line":59,"column":26}},"34":{"start":{"line":63,"column":0},"end":{"line":63,"column":83}}},"fnMap":{"0":{"name":"(anonymous_0)","decl":{"start":{"line":7,"column":23},"end":{"line":7,"column":24}},"loc":{"start":{"line":7,"column":43},"end":{"line":9,"column":1}},"line":7},"1":{"name":"(anonymous_1)","decl":{"start":{"line":12,"column":20},"end":{"line":12,"column":21}},"loc":{"start":{"line":12,"column":34},"end":{"line":14,"column":1}},"line":12},"2":{"name":"(anonymous_2)","decl":{"start":{"line":17,"column":16},"end":{"line":17,"column":17}},"loc":{"start":{"line":17,"column":36},"end":{"line":19,"column":1}},"line":17},"3":{"name":"(anonymous_3)","decl":{"start":{"line":22,"column":17},"end":{"line":22,"column":18}},"loc":{"start":{"line":22,"column":31},"end":{"line":46,"column":1}},"line":22},"4":{"name":"(anonymous_4)","decl":{"start":{"line":35,"column":14},"end":{"line":35,"column":15}},"loc":{"start":{"line":35,"column":23},"end":{"line":45,"column":5}},"line":35},"5":{"name":"(anonymous_5)","decl":{"start":{"line":56,"column":27},"end":{"line":56,"column":28}},"loc":{"start":{"line":56,"column":47},"end":{"line":61,"column":1}},"line":56},"6":{"name":"(anonymous_6)","decl":{"start":{"line":57,"column":15},"end":{"line":57,"column":16}},"loc":{"start":{"line":57,"column":24},"end":{"line":60,"column":5}},"line":57}},"branchMap":{"0":{"loc":{"start":{"line":23,"column":4},"end":{"line":28,"column":5}},"type":"if","locations":[{"start":{"line":23,"column":4},"end":{"line":28,"column":5}},{"start":{},"end":{}}],"line":23},"1":{"loc":{"start":{"line":23,"column":8},"end":{"line":23,"column":63}},"type":"binary-expr","locations":[{"start":{"line":23,"column":8},"end":{"line":23,"column":22}},{"start":{"line":23,"column":26},"end":{"line":23,"column":41}},{"start":{"line":23,"column":45},"end":{"line":23,"column":63}}],"line":23},"2":{"loc":{"start":{"line":36,"column":8},"end":{"line":44,"column":9}},"type":"if","locations":[{"start":{"line":36,"column":8},"end":{"line":44,"column":9}},{"start":{"line":41,"column":15},"end":{"line":44,"column":9}}],"line":36},"3":{"loc":{"start":{"line":58,"column":8},"end":{"line":58,"column":34}},"type":"if","locations":[{"start":{"line":58,"column":8},"end":{"line":58,"column":34}},{"start":{},"end":{}}],"line":58}},"s":{"0":1,"1":1,"2":1,"3":1,"4":1,"5":1,"6":1,"7":1,"8":1,"9":3,"10":1,"11":1,"12":1,"13":1,"14":2,"15":2,"16":2,"17":2,"18":2,"19":2,"20":2,"21":2,"22":1,"23":1,"24":1,"25":1,"26":1,"27":1,"28":1,"29":1,"30":2,"31":2,"32":1,"33":1,"34":1},"f":{"0":1,"1":1,"2":1,"3":3,"4":2,"5":2,"6":2},"b":{"0":[1,2],"1":[3,2,2],"2":[1,1],"3":[1,1]},"_coverageSchema":"1a1c01bbd47fc00a2c39e90264f33305004495a9","hash":"c6cc0c86184aa97acf1e82ca3ecc2350db1e891a"}
,"C:\\Users\\robyn\\Documents\\documents\\_University\\Year 3\\fyp-all\\prototype5\\app\\controllers\\challengeController.js": {"path":"C:\\Users\\robyn\\Documents\\documents\\_University\\Year 3\\fyp-all\\prototype5\\app\\controllers\\challengeController.js","statementMap":{"0":{"start":{"line":4,"column":18},"end":{"line":6,"column":1}},"1":{"start":{"line":5,"column":4},"end":{"line":5,"column":73}},"2":{"start":{"line":9,"column":25},"end":{"line":11,"column":1}},"3":{"start":{"line":10,"column":4},"end":{"line":10,"column":84}},"4":{"start":{"line":14,"column":23},"end":{"line":16,"column":1}},"5":{"start":{"line":15,"column":4},"end":{"line":15,"column":80}},"6":{"start":{"line":18,"column":0},"end":{"line":22,"column":1}}},"fnMap":{"0":{"name":"(anonymous_0)","decl":{"start":{"line":4,"column":18},"end":{"line":4,"column":19}},"loc":{"start":{"line":4,"column":32},"end":{"line":6,"column":1}},"line":4},"1":{"name":"(anonymous_1)","decl":{"start":{"line":9,"column":25},"end":{"line":9,"column":26}},"loc":{"start":{"line":9,"column":39},"end":{"line":11,"column":1}},"line":9},"2":{"name":"(anonymous_2)","decl":{"start":{"line":14,"column":23},"end":{"line":14,"column":24}},"loc":{"start":{"line":14,"column":37},"end":{"line":16,"column":1}},"line":14}},"branchMap":{},"s":{"0":1,"1":1,"2":1,"3":1,"4":1,"5":1,"6":1},"f":{"0":1,"1":1,"2":1},"b":{},"_coverageSchema":"1a1c01bbd47fc00a2c39e90264f33305004495a9","hash":"57a4e07e122df91f9a4e4d3605d92ba3333e8370"}
,"C:\\Users\\robyn\\Documents\\documents\\_University\\Year 3\\fyp-all\\prototype5\\app\\controllers\\mainController.js": {"path":"C:\\Users\\robyn\\Documents\\documents\\_University\\Year 3\\fyp-all\\prototype5\\app\\controllers\\mainController.js","statementMap":{"0":{"start":{"line":4,"column":13},"end":{"line":6,"column":1}},"1":{"start":{"line":5,"column":4},"end":{"line":5,"column":63}},"2":{"start":{"line":9,"column":14},"end":{"line":11,"column":1}},"3":{"start":{"line":10,"column":4},"end":{"line":10,"column":65}},"4":{"start":{"line":14,"column":0},"end":{"line":17,"column":1}}},"fnMap":{"0":{"name":"(anonymous_0)","decl":{"start":{"line":4,"column":13},"end":{"line":4,"column":14}},"loc":{"start":{"line":4,"column":27},"end":{"line":6,"column":1}},"line":4},"1":{"name":"(anonymous_1)","decl":{"start":{"line":9,"column":14},"end":{"line":9,"column":15}},"loc":{"start":{"line":9,"column":28},"end":{"line":11,"column":1}},"line":9}},"branchMap":{},"s":{"0":1,"1":1,"2":1,"3":1,"4":1},"f":{"0":1,"1":1},"b":{},"_coverageSchema":"1a1c01bbd47fc00a2c39e90264f33305004495a9","hash":"2098ccdbd080c959bad0e70bd3a24e02d588748d"}
,"C:\\Users\\robyn\\Documents\\documents\\_University\\Year 3\\fyp-all\\prototype5\\app\\controllers\\resultsController.js": {"path":"C:\\Users\\robyn\\Documents\\documents\\_University\\Year 3\\fyp-all\\prototype5\\app\\controllers\\resultsController.js","statementMap":{"0":{"start":{"line":3,"column":13},"end":{"line":3,"column":39}},"1":{"start":{"line":6,"column":16},"end":{"line":50,"column":1}},"2":{"start":{"line":7,"column":4},"end":{"line":49,"column":5}},"3":{"start":{"line":8,"column":8},"end":{"line":27,"column":10}},"4":{"start":{"line":10,"column":12},"end":{"line":26,"column":13}},"5":{"start":{"line":11,"column":16},"end":{"line":11,"column":53}},"6":{"start":{"line":12,"column":16},"end":{"line":14,"column":38}},"7":{"start":{"line":15,"column":19},"end":{"line":26,"column":13}},"8":{"start":{"line":16,"column":16},"end":{"line":16,"column":46}},"9":{"start":{"line":17,"column":20},"end":{"line":19,"column":43}},"10":{"start":{"line":21,"column":16},"end":{"line":21,"column":65}},"11":{"start":{"line":22,"column":16},"end":{"line":22,"column":45}},"12":{"start":{"line":23,"column":16},"end":{"line":25,"column":125}},"13":{"start":{"line":29,"column":8},"end":{"line":48,"column":10}},"14":{"start":{"line":31,"column":12},"end":{"line":47,"column":13}},"15":{"start":{"line":32,"column":16},"end":{"line":32,"column":50}},"16":{"start":{"line":33,"column":16},"end":{"line":35,"column":40}},"17":{"start":{"line":36,"column":19},"end":{"line":47,"column":13}},"18":{"start":{"line":37,"column":16},"end":{"line":37,"column":46}},"19":{"start":{"line":38,"column":20},"end":{"line":40,"column":45}},"20":{"start":{"line":42,"column":16},"end":{"line":42,"column":62}},"21":{"start":{"line":43,"column":16},"end":{"line":43,"column":42}},"22":{"start":{"line":44,"column":16},"end":{"line":46,"column":104}},"23":{"start":{"line":53,"column":21},"end":{"line":88,"column":1}},"24":{"start":{"line":54,"column":4},"end":{"line":86,"column":11}},"25":{"start":{"line":56,"column":12},"end":{"line":85,"column":13}},"26":{"start":{"line":57,"column":16},"end":{"line":57,"column":50}},"27":{"start":{"line":58,"column":16},"end":{"line":60,"column":40}},"28":{"start":{"line":61,"column":19},"end":{"line":85,"column":13}},"29":{"start":{"line":62,"column":16},"end":{"line":62,"column":46}},"30":{"start":{"line":63,"column":20},"end":{"line":65,"column":45}},"31":{"start":{"line":67,"column":16},"end":{"line":67,"column":68}},"32":{"start":{"line":68,"column":16},"end":{"line":71,"column":19}},"33":{"start":{"line":72,"column":16},"end":{"line":84,"column":19}},"34":{"start":{"line":73,"column":20},"end":{"line":83,"column":21}},"35":{"start":{"line":74,"column":24},"end":{"line":74,"column":59}},"36":{"start":{"line":75,"column":24},"end":{"line":77,"column":49}},"37":{"start":{"line":79,"column":24},"end":{"line":79,"column":79}},"38":{"start":{"line":80,"column":24},"end":{"line":82,"column":51}},"39":{"start":{"line":90,"column":0},"end":{"line":93,"column":1}}},"fnMap":{"0":{"name":"(anonymous_0)","decl":{"start":{"line":6,"column":16},"end":{"line":6,"column":17}},"loc":{"start":{"line":6,"column":30},"end":{"line":50,"column":1}},"line":6},"1":{"name":"(anonymous_1)","decl":{"start":{"line":9,"column":14},"end":{"line":9,"column":15}},"loc":{"start":{"line":9,"column":32},"end":{"line":27,"column":9}},"line":9},"2":{"name":"(anonymous_2)","decl":{"start":{"line":30,"column":14},"end":{"line":30,"column":15}},"loc":{"start":{"line":30,"column":29},"end":{"line":48,"column":9}},"line":30},"3":{"name":"(anonymous_3)","decl":{"start":{"line":53,"column":21},"end":{"line":53,"column":22}},"loc":{"start":{"line":53,"column":35},"end":{"line":88,"column":1}},"line":53},"4":{"name":"(anonymous_4)","decl":{"start":{"line":55,"column":14},"end":{"line":55,"column":15}},"loc":{"start":{"line":55,"column":29},"end":{"line":86,"column":9}},"line":55},"5":{"name":"(anonymous_5)","decl":{"start":{"line":72,"column":26},"end":{"line":72,"column":27}},"loc":{"start":{"line":72,"column":35},"end":{"line":84,"column":17}},"line":72}},"branchMap":{"0":{"loc":{"start":{"line":7,"column":4},"end":{"line":49,"column":5}},"type":"if","locations":[{"start":{"line":7,"column":4},"end":{"line":49,"column":5}},{"start":{"line":28,"column":11},"end":{"line":49,"column":5}}],"line":7},"1":{"loc":{"start":{"line":10,"column":12},"end":{"line":26,"column":13}},"type":"if","locations":[{"start":{"line":10,"column":12},"end":{"line":26,"column":13}},{"start":{"line":15,"column":19},"end":{"line":26,"column":13}}],"line":10},"2":{"loc":{"start":{"line":15,"column":19},"end":{"line":26,"column":13}},"type":"if","locations":[{"start":{"line":15,"column":19},"end":{"line":26,"column":13}},{"start":{"line":20,"column":19},"end":{"line":26,"column":13}}],"line":15},"3":{"loc":{"start":{"line":31,"column":12},"end":{"line":47,"column":13}},"type":"if","locations":[{"start":{"line":31,"column":12},"end":{"line":47,"column":13}},{"start":{"line":36,"column":19},"end":{"line":47,"column":13}}],"line":31},"4":{"loc":{"start":{"line":36,"column":19},"end":{"line":47,"column":13}},"type":"if","locations":[{"start":{"line":36,"column":19},"end":{"line":47,"column":13}},{"start":{"line":41,"column":19},"end":{"line":47,"column":13}}],"line":36},"5":{"loc":{"start":{"line":56,"column":12},"end":{"line":85,"column":13}},"type":"if","locations":[{"start":{"line":56,"column":12},"end":{"line":85,"column":13}},{"start":{"line":61,"column":19},"end":{"line":85,"column":13}}],"line":56},"6":{"loc":{"start":{"line":61,"column":19},"end":{"line":85,"column":13}},"type":"if","locations":[{"start":{"line":61,"column":19},"end":{"line":85,"column":13}},{"start":{"line":66,"column":19},"end":{"line":85,"column":13}}],"line":61},"7":{"loc":{"start":{"line":73,"column":20},"end":{"line":83,"column":21}},"type":"if","locations":[{"start":{"line":73,"column":20},"end":{"line":83,"column":21}},{"start":{"line":78,"column":27},"end":{"line":83,"column":21}}],"line":73}},"s":{"0":1,"1":1,"2":6,"3":3,"4":3,"5":1,"6":1,"7":2,"8":1,"9":1,"10":1,"11":1,"12":1,"13":3,"14":3,"15":1,"16":1,"17":2,"18":1,"19":1,"20":1,"21":1,"22":1,"23":1,"24":4,"25":4,"26":1,"27":1,"28":3,"29":1,"30":1,"31":2,"32":2,"33":2,"34":2,"35":1,"36":1,"37":1,"38":1,"39":1},"f":{"0":6,"1":3,"2":3,"3":4,"4":4,"5":2},"b":{"0":[3,3],"1":[1,2],"2":[1,1],"3":[1,2],"4":[1,1],"5":[1,3],"6":[1,2],"7":[1,1]},"_coverageSchema":"1a1c01bbd47fc00a2c39e90264f33305004495a9","hash":"e635a7106a2a962f406cd6554a9594034f0785c9"}
,"C:\\Users\\robyn\\Documents\\documents\\_University\\Year 3\\fyp-all\\prototype5\\app\\middleware\\checkAuthenticated.js": {"path":"C:\\Users\\robyn\\Documents\\documents\\_University\\Year 3\\fyp-all\\prototype5\\app\\middleware\\checkAuthenticated.js","statementMap":{"0":{"start":{"line":1,"column":0},"end":{"line":7,"column":2}},"1":{"start":{"line":2,"column":4},"end":{"line":6,"column":5}},"2":{"start":{"line":3,"column":8},"end":{"line":3,"column":36}},"3":{"start":{"line":5,"column":8},"end":{"line":5,"column":15}}},"fnMap":{"0":{"name":"(anonymous_0)","decl":{"start":{"line":1,"column":17},"end":{"line":1,"column":18}},"loc":{"start":{"line":1,"column":37},"end":{"line":7,"column":1}},"line":1}},"branchMap":{"0":{"loc":{"start":{"line":2,"column":4},"end":{"line":6,"column":5}},"type":"if","locations":[{"start":{"line":2,"column":4},"end":{"line":6,"column":5}},{"start":{"line":4,"column":11},"end":{"line":6,"column":5}}],"line":2}},"s":{"0":1,"1":2,"2":1,"3":1},"f":{"0":2},"b":{"0":[1,1]},"_coverageSchema":"1a1c01bbd47fc00a2c39e90264f33305004495a9","hash":"76da214b6b759ec197543341c0ab3a4355b45193"}
,"C:\\Users\\robyn\\Documents\\documents\\_University\\Year 3\\fyp-all\\prototype5\\app\\middleware\\checkEducator.js": {"path":"C:\\Users\\robyn\\Documents\\documents\\_University\\Year 3\\fyp-all\\prototype5\\app\\middleware\\checkEducator.js","statementMap":{"0":{"start":{"line":1,"column":0},"end":{"line":7,"column":2}},"1":{"start":{"line":2,"column":4},"end":{"line":6,"column":5}},"2":{"start":{"line":3,"column":8},"end":{"line":3,"column":26}},"3":{"start":{"line":5,"column":8},"end":{"line":5,"column":15}}},"fnMap":{"0":{"name":"(anonymous_0)","decl":{"start":{"line":1,"column":17},"end":{"line":1,"column":18}},"loc":{"start":{"line":1,"column":37},"end":{"line":7,"column":1}},"line":1}},"branchMap":{"0":{"loc":{"start":{"line":2,"column":4},"end":{"line":6,"column":5}},"type":"if","locations":[{"start":{"line":2,"column":4},"end":{"line":6,"column":5}},{"start":{"line":4,"column":11},"end":{"line":6,"column":5}}],"line":2}},"s":{"0":1,"1":2,"2":1,"3":1},"f":{"0":2},"b":{"0":[1,1]},"_coverageSchema":"1a1c01bbd47fc00a2c39e90264f33305004495a9","hash":"a5e60634bbe8e2bd7293f60ef26b598677b6bcf9"}
,"C:\\Users\\robyn\\Documents\\documents\\_University\\Year 3\\fyp-all\\prototype5\\app\\middleware\\checkNotAuthenticated.js": {"path":"C:\\Users\\robyn\\Documents\\documents\\_University\\Year 3\\fyp-all\\prototype5\\app\\middleware\\checkNotAuthenticated.js","statementMap":{"0":{"start":{"line":1,"column":0},"end":{"line":7,"column":2}},"1":{"start":{"line":2,"column":4},"end":{"line":6,"column":5}},"2":{"start":{"line":3,"column":8},"end":{"line":3,"column":26}},"3":{"start":{"line":5,"column":8},"end":{"line":5,"column":15}}},"fnMap":{"0":{"name":"(anonymous_0)","decl":{"start":{"line":1,"column":17},"end":{"line":1,"column":18}},"loc":{"start":{"line":1,"column":37},"end":{"line":7,"column":1}},"line":1}},"branchMap":{"0":{"loc":{"start":{"line":2,"column":4},"end":{"line":6,"column":5}},"type":"if","locations":[{"start":{"line":2,"column":4},"end":{"line":6,"column":5}},{"start":{"line":4,"column":11},"end":{"line":6,"column":5}}],"line":2}},"s":{"0":1,"1":2,"2":1,"3":1},"f":{"0":2},"b":{"0":[1,1]},"_coverageSchema":"1a1c01bbd47fc00a2c39e90264f33305004495a9","hash":"b0a7674843f3a75fab3bc77f0d3856dee6dc8984"}
,"C:\\Users\\robyn\\Documents\\documents\\_University\\Year 3\\fyp-all\\prototype5\\app\\middleware\\checkStudent.js": {"path":"C:\\Users\\robyn\\Documents\\documents\\_University\\Year 3\\fyp-all\\prototype5\\app\\middleware\\checkStudent.js","statementMap":{"0":{"start":{"line":1,"column":0},"end":{"line":7,"column":2}},"1":{"start":{"line":2,"column":4},"end":{"line":6,"column":5}},"2":{"start":{"line":3,"column":8},"end":{"line":3,"column":26}},"3":{"start":{"line":5,"column":8},"end":{"line":5,"column":15}}},"fnMap":{"0":{"name":"(anonymous_0)","decl":{"start":{"line":1,"column":17},"end":{"line":1,"column":18}},"loc":{"start":{"line":1,"column":37},"end":{"line":7,"column":1}},"line":1}},"branchMap":{"0":{"loc":{"start":{"line":2,"column":4},"end":{"line":6,"column":5}},"type":"if","locations":[{"start":{"line":2,"column":4},"end":{"line":6,"column":5}},{"start":{"line":4,"column":11},"end":{"line":6,"column":5}}],"line":2}},"s":{"0":1,"1":2,"2":1,"3":1},"f":{"0":2},"b":{"0":[1,1]},"_coverageSchema":"1a1c01bbd47fc00a2c39e90264f33305004495a9","hash":"7efce4a6a5ed099567f879cd783518a9cc02236c"}
,"C:\\Users\\robyn\\Documents\\documents\\_University\\Year 3\\fyp-all\\prototype5\\app\\models\\users.js": {"path":"C:\\Users\\robyn\\Documents\\documents\\_University\\Year 3\\fyp-all\\prototype5\\app\\models\\users.js","statementMap":{"0":{"start":{"line":2,"column":17},"end":{"line":2,"column":38}},"1":{"start":{"line":3,"column":15},"end":{"line":3,"column":32}},"2":{"start":{"line":5,"column":21},"end":{"line":15,"column":2}},"3":{"start":{"line":18,"column":19},"end":{"line":42,"column":2}},"4":{"start":{"line":45,"column":0},"end":{"line":51,"column":1}},"5":{"start":{"line":46,"column":15},"end":{"line":46,"column":17}},"6":{"start":{"line":47,"column":4},"end":{"line":49,"column":5}},"7":{"start":{"line":47,"column":17},"end":{"line":47,"column":18}},"8":{"start":{"line":48,"column":8},"end":{"line":48,"column":47}},"9":{"start":{"line":50,"column":4},"end":{"line":50,"column":21}},"10":{"start":{"line":54,"column":0},"end":{"line":59,"column":2}},"11":{"start":{"line":55,"column":4},"end":{"line":55,"column":55}},"12":{"start":{"line":56,"column":4},"end":{"line":58,"column":25}},"13":{"start":{"line":62,"column":0},"end":{"line":67,"column":2}},"14":{"start":{"line":63,"column":17},"end":{"line":65,"column":24}},"15":{"start":{"line":66,"column":4},"end":{"line":66,"column":30}},"16":{"start":{"line":71,"column":13},"end":{"line":71,"column":47}},"17":{"start":{"line":73,"column":0},"end":{"line":73,"column":22}}},"fnMap":{"0":{"name":"(anonymous_0)","decl":{"start":{"line":45,"column":34},"end":{"line":45,"column":35}},"loc":{"start":{"line":45,"column":46},"end":{"line":51,"column":1}},"line":45},"1":{"name":"(anonymous_1)","decl":{"start":{"line":54,"column":33},"end":{"line":54,"column":34}},"loc":{"start":{"line":54,"column":53},"end":{"line":59,"column":1}},"line":54},"2":{"name":"(anonymous_2)","decl":{"start":{"line":62,"column":38},"end":{"line":62,"column":39}},"loc":{"start":{"line":62,"column":58},"end":{"line":67,"column":1}},"line":62}},"branchMap":{},"s":{"0":2,"1":2,"2":2,"3":2,"4":2,"5":0,"6":0,"7":0,"8":0,"9":0,"10":2,"11":0,"12":0,"13":2,"14":0,"15":0,"16":2,"17":2},"f":{"0":0,"1":0,"2":0},"b":{},"_coverageSchema":"1a1c01bbd47fc00a2c39e90264f33305004495a9","hash":"d5463599a2051874ceb6cd8c8d1bc5cefe6ed4aa"}
}
