TN:
SF:app\controllers\authController.js
FN:7,(anonymous_0)
FN:12,(anonymous_1)
FN:17,(anonymous_2)
FN:22,(anonymous_3)
FN:35,(anonymous_4)
FN:56,(anonymous_5)
FN:57,(anonymous_6)
FNF:7
FNH:7
FNDA:1,(anonymous_0)
FNDA:1,(anonymous_1)
FNDA:1,(anonymous_2)
FNDA:3,(anonymous_3)
FNDA:2,(anonymous_4)
FNDA:2,(anonymous_5)
FNDA:2,(anonymous_6)
DA:3,1
DA:4,1
DA:7,1
DA:8,1
DA:12,1
DA:13,1
DA:17,1
DA:18,1
DA:22,1
DA:23,3
DA:24,1
DA:25,1
DA:26,1
DA:27,1
DA:29,2
DA:30,2
DA:31,2
DA:32,2
DA:33,2
DA:34,2
DA:35,2
DA:36,2
DA:37,1
DA:38,1
DA:39,1
DA:40,1
DA:42,1
DA:43,1
DA:49,1
DA:56,1
DA:57,2
DA:58,2
DA:59,1
DA:63,1
LF:34
LH:34
BRDA:23,0,0,1
BRDA:23,0,1,2
BRDA:23,1,0,3
BRDA:23,1,1,2
BRDA:23,1,2,2
BRDA:36,2,0,1
BRDA:36,2,1,1
BRDA:58,3,0,1
BRDA:58,3,1,1
BRF:9
BRH:9
end_of_record
TN:
SF:app\controllers\challengeController.js
FN:4,(anonymous_0)
FN:9,(anonymous_1)
FN:14,(anonymous_2)
FNF:3
FNH:3
FNDA:1,(anonymous_0)
FNDA:1,(anonymous_1)
FNDA:1,(anonymous_2)
DA:4,1
DA:5,1
DA:9,1
DA:10,1
DA:14,1
DA:15,1
DA:18,1
LF:7
LH:7
BRF:0
BRH:0
end_of_record
TN:
SF:app\controllers\mainController.js
FN:4,(anonymous_0)
FN:9,(anonymous_1)
FNF:2
FNH:2
FNDA:1,(anonymous_0)
FNDA:1,(anonymous_1)
DA:4,1
DA:5,1
DA:9,1
DA:10,1
DA:14,1
LF:5
LH:5
BRF:0
BRH:0
end_of_record
TN:
SF:app\controllers\resultsController.js
FN:6,(anonymous_0)
FN:9,(anonymous_1)
FN:30,(anonymous_2)
FN:53,(anonymous_3)
FN:55,(anonymous_4)
FN:72,(anonymous_5)
FNF:6
FNH:6
FNDA:6,(anonymous_0)
FNDA:3,(anonymous_1)
FNDA:3,(anonymous_2)
FNDA:4,(anonymous_3)
FNDA:4,(anonymous_4)
FNDA:2,(anonymous_5)
DA:3,1
DA:6,1
DA:7,6
DA:8,3
DA:10,3
DA:11,1
DA:12,1
DA:15,2
DA:16,1
DA:17,1
DA:21,1
DA:22,1
DA:23,1
DA:29,3
DA:31,3
DA:32,1
DA:33,1
DA:36,2
DA:37,1
DA:38,1
DA:42,1
DA:43,1
DA:44,1
DA:53,1
DA:54,4
DA:56,4
DA:57,1
DA:58,1
DA:61,3
DA:62,1
DA:63,1
DA:67,2
DA:68,2
DA:72,2
DA:73,2
DA:74,1
DA:75,1
DA:79,1
DA:80,1
DA:90,1
LF:40
LH:40
BRDA:7,0,0,3
BRDA:7,0,1,3
BRDA:10,1,0,1
BRDA:10,1,1,2
BRDA:15,2,0,1
BRDA:15,2,1,1
BRDA:31,3,0,1
BRDA:31,3,1,2
BRDA:36,4,0,1
BRDA:36,4,1,1
BRDA:56,5,0,1
BRDA:56,5,1,3
BRDA:61,6,0,1
BRDA:61,6,1,2
BRDA:73,7,0,1
BRDA:73,7,1,1
BRF:16
BRH:16
end_of_record
TN:
SF:app\middleware\checkAuthenticated.js
FN:1,(anonymous_0)
FNF:1
FNH:1
FNDA:2,(anonymous_0)
DA:1,1
DA:2,2
DA:3,1
DA:5,1
LF:4
LH:4
BRDA:2,0,0,1
BRDA:2,0,1,1
BRF:2
BRH:2
end_of_record
TN:
SF:app\middleware\checkEducator.js
FN:1,(anonymous_0)
FNF:1
FNH:1
FNDA:2,(anonymous_0)
DA:1,1
DA:2,2
DA:3,1
DA:5,1
LF:4
LH:4
BRDA:2,0,0,1
BRDA:2,0,1,1
BRF:2
BRH:2
end_of_record
TN:
SF:app\middleware\checkNotAuthenticated.js
FN:1,(anonymous_0)
FNF:1
FNH:1
FNDA:2,(anonymous_0)
DA:1,1
DA:2,2
DA:3,1
DA:5,1
LF:4
LH:4
BRDA:2,0,0,1
BRDA:2,0,1,1
BRF:2
BRH:2
end_of_record
TN:
SF:app\middleware\checkStudent.js
FN:1,(anonymous_0)
FNF:1
FNH:1
FNDA:2,(anonymous_0)
DA:1,1
DA:2,2
DA:3,1
DA:5,1
LF:4
LH:4
BRDA:2,0,0,1
BRDA:2,0,1,1
BRF:2
BRH:2
end_of_record
TN:
SF:app\models\users.js
FN:45,(anonymous_0)
FN:54,(anonymous_1)
FN:62,(anonymous_2)
FNF:3
FNH:0
FNDA:0,(anonymous_0)
FNDA:0,(anonymous_1)
FNDA:0,(anonymous_2)
DA:2,2
DA:3,2
DA:5,2
DA:18,2
DA:45,2
DA:46,0
DA:47,0
DA:48,0
DA:50,0
DA:54,2
DA:55,0
DA:56,0
DA:62,2
DA:63,0
DA:66,0
DA:71,2
DA:73,2
LF:17
LH:9
BRF:0
BRH:0
end_of_record
